<?xml version="1.0" encoding="UTF-8"?>
<!-- Generated by org.testng.reporters.JUnitReportReporter -->
<testsuite hostname="DESKTOP-U8A0AGU" name="bdd.TheInternet.runners.RunnerClass" tests="9" failures="0" timestamp="26 Sep 2020 18:41:41 GMT" time="131.067" errors="0">
  <testcase name="feature" time="16.239" classname="bdd.TheInternet.runners.RunnerClass"/>
  <testcase name="feature" time="13.086" classname="bdd.TheInternet.runners.RunnerClass"/>
  <testcase name="feature" time="13.931" classname="bdd.TheInternet.runners.RunnerClass"/>
  <testcase name="feature" time="18.386" classname="bdd.TheInternet.runners.RunnerClass"/>
  <testcase name="feature" time="14.103" classname="bdd.TheInternet.runners.RunnerClass"/>
  <testcase name="feature" time="12.710" classname="bdd.TheInternet.runners.RunnerClass"/>
  <testcase name="feature" time="13.538" classname="bdd.TheInternet.runners.RunnerClass"/>
  <testcase name="feature" time="13.519" classname="bdd.TheInternet.runners.RunnerClass"/>
  <testcase name="feature" time="15.555" classname="bdd.TheInternet.runners.RunnerClass"/>
</testsuite> <!-- bdd.TheInternet.runners.RunnerClass -->
