<?xml version="1.0" encoding="UTF-8"?>
<!-- Generated by org.testng.reporters.JUnitReportReporter -->
<testsuite hostname="DESKTOP-U8A0AGU" name="bdd.TheInternet.runners.RunnerClass" tests="1" failures="0" timestamp="21 Sep 2020 21:51:09 GMT" time="16.422" errors="0">
  <testcase name="feature" time="16.422" classname="bdd.TheInternet.runners.RunnerClass"/>
</testsuite> <!-- bdd.TheInternet.runners.RunnerClass -->
